2022-07-09 19:53:05.604  INFO 11656 --- [main] mao.user_service.UserServiceApplication  : Starting UserServiceApplication on mao with PID 11656 (H:\程序\大三暑假\spring_cloud_demo实现微服务远程调用\user_service\target\classes started by mao in H:\程序\大三暑假\spring_cloud_demo实现微服务远程调用)
2022-07-09 19:53:05.606 DEBUG 11656 --- [main] mao.user_service.UserServiceApplication  : Running with Spring Boot v2.3.9.RELEASE, Spring v5.2.13.RELEASE
2022-07-09 19:53:05.606  INFO 11656 --- [main] mao.user_service.UserServiceApplication  : No active profile set, falling back to default profiles: default
2022-07-09 19:53:05.700  WARN 11656 --- [main] ConfigServletWebServerApplicationContext : Exception encountered during context initialization - cancelling refresh attempt: org.springframework.beans.factory.BeanDefinitionStoreException: Failed to read candidate component class: file [H:\程序\大三暑假\spring_cloud_demo实现微服务远程调用\user_service\target\test-classes\mao\user_service\UserServiceApplicationTests.class]; nested exception is org.springframework.core.NestedIOException: ASM ClassReader failed to parse class file - probably due to a new Java class file version that isn't supported yet: file [H:\程序\大三暑假\spring_cloud_demo实现微服务远程调用\user_service\target\test-classes\mao\user_service\UserServiceApplicationTests.class]; nested exception is java.lang.IllegalArgumentException: Unsupported class file major version 60
2022-07-09 19:53:05.714 ERROR 11656 --- [main] o.s.boot.SpringApplication               : Application run failed

org.springframework.beans.factory.BeanDefinitionStoreException: Failed to read candidate component class: file [H:\程序\大三暑假\spring_cloud_demo实现微服务远程调用\user_service\target\test-classes\mao\user_service\UserServiceApplicationTests.class]; nested exception is org.springframework.core.NestedIOException: ASM ClassReader failed to parse class file - probably due to a new Java class file version that isn't supported yet: file [H:\程序\大三暑假\spring_cloud_demo实现微服务远程调用\user_service\target\test-classes\mao\user_service\UserServiceApplicationTests.class]; nested exception is java.lang.IllegalArgumentException: Unsupported class file major version 60
	at org.springframework.context.annotation.ClassPathScanningCandidateComponentProvider.scanCandidateComponents(ClassPathScanningCandidateComponentProvider.java:452) ~[spring-context-5.2.13.RELEASE.jar:5.2.13.RELEASE]
	at org.springframework.context.annotation.ClassPathScanningCandidateComponentProvider.findCandidateComponents(ClassPathScanningCandidateComponentProvider.java:315) ~[spring-context-5.2.13.RELEASE.jar:5.2.13.RELEASE]
	at org.springframework.context.annotation.ClassPathBeanDefinitionScanner.doScan(ClassPathBeanDefinitionScanner.java:276) ~[spring-context-5.2.13.RELEASE.jar:5.2.13.RELEASE]
	at org.springframework.context.annotation.ComponentScanAnnotationParser.parse(ComponentScanAnnotationParser.java:132) ~[spring-context-5.2.13.RELEASE.jar:5.2.13.RELEASE]
	at org.springframework.context.annotation.ConfigurationClassParser.doProcessConfigurationClass(ConfigurationClassParser.java:296) ~[spring-context-5.2.13.RELEASE.jar:5.2.13.RELEASE]
	at org.springframework.context.annotation.ConfigurationClassParser.processConfigurationClass(ConfigurationClassParser.java:250) ~[spring-context-5.2.13.RELEASE.jar:5.2.13.RELEASE]
	at org.springframework.context.annotation.ConfigurationClassParser.parse(ConfigurationClassParser.java:207) ~[spring-context-5.2.13.RELEASE.jar:5.2.13.RELEASE]
	at org.springframework.context.annotation.ConfigurationClassParser.parse(ConfigurationClassParser.java:175) ~[spring-context-5.2.13.RELEASE.jar:5.2.13.RELEASE]
	at org.springframework.context.annotation.ConfigurationClassPostProcessor.processConfigBeanDefinitions(ConfigurationClassPostProcessor.java:319) ~[spring-context-5.2.13.RELEASE.jar:5.2.13.RELEASE]
	at org.springframework.context.annotation.ConfigurationClassPostProcessor.postProcessBeanDefinitionRegistry(ConfigurationClassPostProcessor.java:236) ~[spring-context-5.2.13.RELEASE.jar:5.2.13.RELEASE]
	at org.springframework.context.support.PostProcessorRegistrationDelegate.invokeBeanDefinitionRegistryPostProcessors(PostProcessorRegistrationDelegate.java:280) ~[spring-context-5.2.13.RELEASE.jar:5.2.13.RELEASE]
	at org.springframework.context.support.PostProcessorRegistrationDelegate.invokeBeanFactoryPostProcessors(PostProcessorRegistrationDelegate.java:96) ~[spring-context-5.2.13.RELEASE.jar:5.2.13.RELEASE]
	at org.springframework.context.support.AbstractApplicationContext.invokeBeanFactoryPostProcessors(AbstractApplicationContext.java:707) ~[spring-context-5.2.13.RELEASE.jar:5.2.13.RELEASE]
	at org.springframework.context.support.AbstractApplicationContext.refresh(AbstractApplicationContext.java:533) ~[spring-context-5.2.13.RELEASE.jar:5.2.13.RELEASE]
	at org.springframework.boot.web.servlet.context.ServletWebServerApplicationContext.refresh(ServletWebServerApplicationContext.java:143) ~[spring-boot-2.3.9.RELEASE.jar:2.3.9.RELEASE]
	at org.springframework.boot.SpringApplication.refresh(SpringApplication.java:758) ~[spring-boot-2.3.9.RELEASE.jar:2.3.9.RELEASE]
	at org.springframework.boot.SpringApplication.refresh(SpringApplication.java:750) ~[spring-boot-2.3.9.RELEASE.jar:2.3.9.RELEASE]
	at org.springframework.boot.SpringApplication.refreshContext(SpringApplication.java:405) ~[spring-boot-2.3.9.RELEASE.jar:2.3.9.RELEASE]
	at org.springframework.boot.SpringApplication.run(SpringApplication.java:315) ~[spring-boot-2.3.9.RELEASE.jar:2.3.9.RELEASE]
	at org.springframework.boot.SpringApplication.run(SpringApplication.java:1237) ~[spring-boot-2.3.9.RELEASE.jar:2.3.9.RELEASE]
	at org.springframework.boot.SpringApplication.run(SpringApplication.java:1226) ~[spring-boot-2.3.9.RELEASE.jar:2.3.9.RELEASE]
	at mao.user_service.UserServiceApplication.main(UserServiceApplication.java:12) ~[classes/:na]
Caused by: org.springframework.core.NestedIOException: ASM ClassReader failed to parse class file - probably due to a new Java class file version that isn't supported yet: file [H:\程序\大三暑假\spring_cloud_demo实现微服务远程调用\user_service\target\test-classes\mao\user_service\UserServiceApplicationTests.class]; nested exception is java.lang.IllegalArgumentException: Unsupported class file major version 60
	at org.springframework.core.type.classreading.SimpleMetadataReader.getClassReader(SimpleMetadataReader.java:60) ~[spring-core-5.2.13.RELEASE.jar:5.2.13.RELEASE]
	at org.springframework.core.type.classreading.SimpleMetadataReader.<init>(SimpleMetadataReader.java:49) ~[spring-core-5.2.13.RELEASE.jar:5.2.13.RELEASE]
	at org.springframework.core.type.classreading.SimpleMetadataReaderFactory.getMetadataReader(SimpleMetadataReaderFactory.java:103) ~[spring-core-5.2.13.RELEASE.jar:5.2.13.RELEASE]
	at org.springframework.core.type.classreading.CachingMetadataReaderFactory.getMetadataReader(CachingMetadataReaderFactory.java:123) ~[spring-core-5.2.13.RELEASE.jar:5.2.13.RELEASE]
	at org.springframework.context.annotation.ClassPathScanningCandidateComponentProvider.scanCandidateComponents(ClassPathScanningCandidateComponentProvider.java:429) ~[spring-context-5.2.13.RELEASE.jar:5.2.13.RELEASE]
	... 21 common frames omitted
Caused by: java.lang.IllegalArgumentException: Unsupported class file major version 60
	at org.springframework.asm.ClassReader.<init>(ClassReader.java:196) ~[spring-core-5.2.13.RELEASE.jar:5.2.13.RELEASE]
	at org.springframework.asm.ClassReader.<init>(ClassReader.java:177) ~[spring-core-5.2.13.RELEASE.jar:5.2.13.RELEASE]
	at org.springframework.asm.ClassReader.<init>(ClassReader.java:163) ~[spring-core-5.2.13.RELEASE.jar:5.2.13.RELEASE]
	at org.springframework.asm.ClassReader.<init>(ClassReader.java:284) ~[spring-core-5.2.13.RELEASE.jar:5.2.13.RELEASE]
	at org.springframework.core.type.classreading.SimpleMetadataReader.getClassReader(SimpleMetadataReader.java:57) ~[spring-core-5.2.13.RELEASE.jar:5.2.13.RELEASE]
	... 25 common frames omitted

2022-07-09 19:53:56.779  INFO 17744 --- [main] mao.user_service.UserServiceApplication  : Starting UserServiceApplication on mao with PID 17744 (H:\程序\大三暑假\spring_cloud_demo实现微服务远程调用\user_service\target\classes started by mao in H:\程序\大三暑假\spring_cloud_demo实现微服务远程调用)
2022-07-09 19:53:56.781 DEBUG 17744 --- [main] mao.user_service.UserServiceApplication  : Running with Spring Boot v2.3.9.RELEASE, Spring v5.2.13.RELEASE
2022-07-09 19:53:56.781  INFO 17744 --- [main] mao.user_service.UserServiceApplication  : No active profile set, falling back to default profiles: default
2022-07-09 19:53:56.865  WARN 17744 --- [main] ConfigServletWebServerApplicationContext : Exception encountered during context initialization - cancelling refresh attempt: org.springframework.beans.factory.BeanDefinitionStoreException: Failed to read candidate component class: file [H:\程序\大三暑假\spring_cloud_demo实现微服务远程调用\user_service\target\test-classes\mao\user_service\UserServiceApplicationTests.class]; nested exception is org.springframework.core.NestedIOException: ASM ClassReader failed to parse class file - probably due to a new Java class file version that isn't supported yet: file [H:\程序\大三暑假\spring_cloud_demo实现微服务远程调用\user_service\target\test-classes\mao\user_service\UserServiceApplicationTests.class]; nested exception is java.lang.IllegalArgumentException: Unsupported class file major version 60
2022-07-09 19:53:56.878 ERROR 17744 --- [main] o.s.boot.SpringApplication               : Application run failed

org.springframework.beans.factory.BeanDefinitionStoreException: Failed to read candidate component class: file [H:\程序\大三暑假\spring_cloud_demo实现微服务远程调用\user_service\target\test-classes\mao\user_service\UserServiceApplicationTests.class]; nested exception is org.springframework.core.NestedIOException: ASM ClassReader failed to parse class file - probably due to a new Java class file version that isn't supported yet: file [H:\程序\大三暑假\spring_cloud_demo实现微服务远程调用\user_service\target\test-classes\mao\user_service\UserServiceApplicationTests.class]; nested exception is java.lang.IllegalArgumentException: Unsupported class file major version 60
	at org.springframework.context.annotation.ClassPathScanningCandidateComponentProvider.scanCandidateComponents(ClassPathScanningCandidateComponentProvider.java:452) ~[spring-context-5.2.13.RELEASE.jar:5.2.13.RELEASE]
	at org.springframework.context.annotation.ClassPathScanningCandidateComponentProvider.findCandidateComponents(ClassPathScanningCandidateComponentProvider.java:315) ~[spring-context-5.2.13.RELEASE.jar:5.2.13.RELEASE]
	at org.springframework.context.annotation.ClassPathBeanDefinitionScanner.doScan(ClassPathBeanDefinitionScanner.java:276) ~[spring-context-5.2.13.RELEASE.jar:5.2.13.RELEASE]
	at org.springframework.context.annotation.ComponentScanAnnotationParser.parse(ComponentScanAnnotationParser.java:132) ~[spring-context-5.2.13.RELEASE.jar:5.2.13.RELEASE]
	at org.springframework.context.annotation.ConfigurationClassParser.doProcessConfigurationClass(ConfigurationClassParser.java:296) ~[spring-context-5.2.13.RELEASE.jar:5.2.13.RELEASE]
	at org.springframework.context.annotation.ConfigurationClassParser.processConfigurationClass(ConfigurationClassParser.java:250) ~[spring-context-5.2.13.RELEASE.jar:5.2.13.RELEASE]
	at org.springframework.context.annotation.ConfigurationClassParser.parse(ConfigurationClassParser.java:207) ~[spring-context-5.2.13.RELEASE.jar:5.2.13.RELEASE]
	at org.springframework.context.annotation.ConfigurationClassParser.parse(ConfigurationClassParser.java:175) ~[spring-context-5.2.13.RELEASE.jar:5.2.13.RELEASE]
	at org.springframework.context.annotation.ConfigurationClassPostProcessor.processConfigBeanDefinitions(ConfigurationClassPostProcessor.java:319) ~[spring-context-5.2.13.RELEASE.jar:5.2.13.RELEASE]
	at org.springframework.context.annotation.ConfigurationClassPostProcessor.postProcessBeanDefinitionRegistry(ConfigurationClassPostProcessor.java:236) ~[spring-context-5.2.13.RELEASE.jar:5.2.13.RELEASE]
	at org.springframework.context.support.PostProcessorRegistrationDelegate.invokeBeanDefinitionRegistryPostProcessors(PostProcessorRegistrationDelegate.java:280) ~[spring-context-5.2.13.RELEASE.jar:5.2.13.RELEASE]
	at org.springframework.context.support.PostProcessorRegistrationDelegate.invokeBeanFactoryPostProcessors(PostProcessorRegistrationDelegate.java:96) ~[spring-context-5.2.13.RELEASE.jar:5.2.13.RELEASE]
	at org.springframework.context.support.AbstractApplicationContext.invokeBeanFactoryPostProcessors(AbstractApplicationContext.java:707) ~[spring-context-5.2.13.RELEASE.jar:5.2.13.RELEASE]
	at org.springframework.context.support.AbstractApplicationContext.refresh(AbstractApplicationContext.java:533) ~[spring-context-5.2.13.RELEASE.jar:5.2.13.RELEASE]
	at org.springframework.boot.web.servlet.context.ServletWebServerApplicationContext.refresh(ServletWebServerApplicationContext.java:143) ~[spring-boot-2.3.9.RELEASE.jar:2.3.9.RELEASE]
	at org.springframework.boot.SpringApplication.refresh(SpringApplication.java:758) ~[spring-boot-2.3.9.RELEASE.jar:2.3.9.RELEASE]
	at org.springframework.boot.SpringApplication.refresh(SpringApplication.java:750) ~[spring-boot-2.3.9.RELEASE.jar:2.3.9.RELEASE]
	at org.springframework.boot.SpringApplication.refreshContext(SpringApplication.java:405) ~[spring-boot-2.3.9.RELEASE.jar:2.3.9.RELEASE]
	at org.springframework.boot.SpringApplication.run(SpringApplication.java:315) ~[spring-boot-2.3.9.RELEASE.jar:2.3.9.RELEASE]
	at org.springframework.boot.SpringApplication.run(SpringApplication.java:1237) ~[spring-boot-2.3.9.RELEASE.jar:2.3.9.RELEASE]
	at org.springframework.boot.SpringApplication.run(SpringApplication.java:1226) ~[spring-boot-2.3.9.RELEASE.jar:2.3.9.RELEASE]
	at mao.user_service.UserServiceApplication.main(UserServiceApplication.java:12) ~[classes/:na]
Caused by: org.springframework.core.NestedIOException: ASM ClassReader failed to parse class file - probably due to a new Java class file version that isn't supported yet: file [H:\程序\大三暑假\spring_cloud_demo实现微服务远程调用\user_service\target\test-classes\mao\user_service\UserServiceApplicationTests.class]; nested exception is java.lang.IllegalArgumentException: Unsupported class file major version 60
	at org.springframework.core.type.classreading.SimpleMetadataReader.getClassReader(SimpleMetadataReader.java:60) ~[spring-core-5.2.13.RELEASE.jar:5.2.13.RELEASE]
	at org.springframework.core.type.classreading.SimpleMetadataReader.<init>(SimpleMetadataReader.java:49) ~[spring-core-5.2.13.RELEASE.jar:5.2.13.RELEASE]
	at org.springframework.core.type.classreading.SimpleMetadataReaderFactory.getMetadataReader(SimpleMetadataReaderFactory.java:103) ~[spring-core-5.2.13.RELEASE.jar:5.2.13.RELEASE]
	at org.springframework.core.type.classreading.CachingMetadataReaderFactory.getMetadataReader(CachingMetadataReaderFactory.java:123) ~[spring-core-5.2.13.RELEASE.jar:5.2.13.RELEASE]
	at org.springframework.context.annotation.ClassPathScanningCandidateComponentProvider.scanCandidateComponents(ClassPathScanningCandidateComponentProvider.java:429) ~[spring-context-5.2.13.RELEASE.jar:5.2.13.RELEASE]
	... 21 common frames omitted
Caused by: java.lang.IllegalArgumentException: Unsupported class file major version 60
	at org.springframework.asm.ClassReader.<init>(ClassReader.java:196) ~[spring-core-5.2.13.RELEASE.jar:5.2.13.RELEASE]
	at org.springframework.asm.ClassReader.<init>(ClassReader.java:177) ~[spring-core-5.2.13.RELEASE.jar:5.2.13.RELEASE]
	at org.springframework.asm.ClassReader.<init>(ClassReader.java:163) ~[spring-core-5.2.13.RELEASE.jar:5.2.13.RELEASE]
	at org.springframework.asm.ClassReader.<init>(ClassReader.java:284) ~[spring-core-5.2.13.RELEASE.jar:5.2.13.RELEASE]
	at org.springframework.core.type.classreading.SimpleMetadataReader.getClassReader(SimpleMetadataReader.java:57) ~[spring-core-5.2.13.RELEASE.jar:5.2.13.RELEASE]
	... 25 common frames omitted

2022-07-09 20:01:13.471  INFO 2632 --- [main] mao.user_service.UserServiceApplication  : Starting UserServiceApplication on mao with PID 2632 (H:\程序\大三暑假\spring_cloud_demo实现微服务远程调用\user_service\target\classes started by mao in H:\程序\大三暑假\spring_cloud_demo实现微服务远程调用)
2022-07-09 20:01:13.473 DEBUG 2632 --- [main] mao.user_service.UserServiceApplication  : Running with Spring Boot v2.3.9.RELEASE, Spring v5.2.13.RELEASE
2022-07-09 20:01:13.473  INFO 2632 --- [main] mao.user_service.UserServiceApplication  : No active profile set, falling back to default profiles: default
2022-07-09 20:01:14.173  INFO 2632 --- [main] o.s.b.w.embedded.tomcat.TomcatWebServer  : Tomcat initialized with port(s): 8082 (http)
2022-07-09 20:01:14.187  INFO 2632 --- [main] o.apache.catalina.core.StandardService   : Starting service [Tomcat]
2022-07-09 20:01:14.187  INFO 2632 --- [main] org.apache.catalina.core.StandardEngine  : Starting Servlet engine: [Apache Tomcat/9.0.43]
2022-07-09 20:01:14.249  INFO 2632 --- [main] o.a.c.c.C.[Tomcat].[localhost].[/]       : Initializing Spring embedded WebApplicationContext
2022-07-09 20:01:14.249  INFO 2632 --- [main] w.s.c.ServletWebServerApplicationContext : Root WebApplicationContext: initialization completed in 737 ms
2022-07-09 20:01:14.338  INFO 2632 --- [main] c.a.d.s.b.a.DruidDataSourceAutoConfigure : Init DruidDataSource
2022-07-09 20:01:14.434  INFO 2632 --- [main] com.alibaba.druid.pool.DruidDataSource   : {dataSource-1} inited
2022-07-09 20:01:14.553  INFO 2632 --- [main] o.s.s.concurrent.ThreadPoolTaskExecutor  : Initializing ExecutorService 'applicationTaskExecutor'
2022-07-09 20:01:14.725  INFO 2632 --- [main] o.s.b.w.embedded.tomcat.TomcatWebServer  : Tomcat started on port(s): 8082 (http) with context path ''
2022-07-09 20:01:14.733  INFO 2632 --- [main] mao.user_service.UserServiceApplication  : Started UserServiceApplication in 1.54 seconds (JVM running for 2.033)
2022-07-09 20:02:55.155  INFO 2632 --- [SpringContextShutdownHook] o.s.s.concurrent.ThreadPoolTaskExecutor  : Shutting down ExecutorService 'applicationTaskExecutor'
2022-07-09 20:02:55.155  INFO 2632 --- [SpringContextShutdownHook] com.alibaba.druid.pool.DruidDataSource   : {dataSource-1} closing ...
2022-07-09 20:02:55.156  INFO 2632 --- [SpringContextShutdownHook] com.alibaba.druid.pool.DruidDataSource   : {dataSource-1} closed
2022-07-09 20:04:43.271  INFO 14784 --- [main] mao.user_service.UserServiceApplication  : Starting UserServiceApplication on mao with PID 14784 (H:\程序\大三暑假\spring_cloud_demo实现微服务远程调用\user_service\target\classes started by mao in H:\程序\大三暑假\spring_cloud_demo实现微服务远程调用)
2022-07-09 20:04:43.273 DEBUG 14784 --- [main] mao.user_service.UserServiceApplication  : Running with Spring Boot v2.3.9.RELEASE, Spring v5.2.13.RELEASE
2022-07-09 20:04:43.274  INFO 14784 --- [main] mao.user_service.UserServiceApplication  : No active profile set, falling back to default profiles: default
2022-07-09 20:04:44.012  INFO 14784 --- [main] o.s.b.w.embedded.tomcat.TomcatWebServer  : Tomcat initialized with port(s): 8082 (http)
2022-07-09 20:04:44.019  INFO 14784 --- [main] o.apache.catalina.core.StandardService   : Starting service [Tomcat]
2022-07-09 20:04:44.020  INFO 14784 --- [main] org.apache.catalina.core.StandardEngine  : Starting Servlet engine: [Apache Tomcat/9.0.43]
2022-07-09 20:04:44.080  INFO 14784 --- [main] o.a.c.c.C.[Tomcat].[localhost].[/]       : Initializing Spring embedded WebApplicationContext
2022-07-09 20:04:44.080  INFO 14784 --- [main] w.s.c.ServletWebServerApplicationContext : Root WebApplicationContext: initialization completed in 769 ms
2022-07-09 20:04:44.173  INFO 14784 --- [main] c.a.d.s.b.a.DruidDataSourceAutoConfigure : Init DruidDataSource
2022-07-09 20:04:44.299  INFO 14784 --- [main] com.alibaba.druid.pool.DruidDataSource   : {dataSource-1} inited
2022-07-09 20:04:44.425  INFO 14784 --- [main] o.s.s.concurrent.ThreadPoolTaskExecutor  : Initializing ExecutorService 'applicationTaskExecutor'
2022-07-09 20:04:44.578  INFO 14784 --- [main] o.s.b.w.embedded.tomcat.TomcatWebServer  : Tomcat started on port(s): 8082 (http) with context path ''
2022-07-09 20:04:44.587  INFO 14784 --- [main] mao.user_service.UserServiceApplication  : Started UserServiceApplication in 1.656 seconds (JVM running for 2.012)
2022-07-09 20:05:09.091  INFO 14784 --- [SpringContextShutdownHook] o.s.s.concurrent.ThreadPoolTaskExecutor  : Shutting down ExecutorService 'applicationTaskExecutor'
2022-07-09 20:05:09.092  INFO 14784 --- [SpringContextShutdownHook] com.alibaba.druid.pool.DruidDataSource   : {dataSource-1} closing ...
2022-07-09 20:05:09.093  INFO 14784 --- [SpringContextShutdownHook] com.alibaba.druid.pool.DruidDataSource   : {dataSource-1} closed
2022-07-09 20:18:20.277  INFO 1960 --- [main] mao.user_service.UserServiceApplication  : Starting UserServiceApplication on mao with PID 1960 (H:\程序\大三暑假\spring_cloud_demo实现微服务远程调用\user_service\target\classes started by mao in H:\程序\大三暑假\spring_cloud_demo实现微服务远程调用)
2022-07-09 20:18:20.279 DEBUG 1960 --- [main] mao.user_service.UserServiceApplication  : Running with Spring Boot v2.3.9.RELEASE, Spring v5.2.13.RELEASE
2022-07-09 20:18:20.279  INFO 1960 --- [main] mao.user_service.UserServiceApplication  : No active profile set, falling back to default profiles: default
2022-07-09 20:18:21.012  INFO 1960 --- [main] o.s.b.w.embedded.tomcat.TomcatWebServer  : Tomcat initialized with port(s): 8082 (http)
2022-07-09 20:18:21.019  INFO 1960 --- [main] o.apache.catalina.core.StandardService   : Starting service [Tomcat]
2022-07-09 20:18:21.020  INFO 1960 --- [main] org.apache.catalina.core.StandardEngine  : Starting Servlet engine: [Apache Tomcat/9.0.43]
2022-07-09 20:18:21.081  INFO 1960 --- [main] o.a.c.c.C.[Tomcat].[localhost].[/]       : Initializing Spring embedded WebApplicationContext
2022-07-09 20:18:21.081  INFO 1960 --- [main] w.s.c.ServletWebServerApplicationContext : Root WebApplicationContext: initialization completed in 756 ms
2022-07-09 20:18:21.164  INFO 1960 --- [main] c.a.d.s.b.a.DruidDataSourceAutoConfigure : Init DruidDataSource
2022-07-09 20:18:21.266  INFO 1960 --- [main] com.alibaba.druid.pool.DruidDataSource   : {dataSource-1} inited
2022-07-09 20:18:21.398  INFO 1960 --- [main] o.s.s.concurrent.ThreadPoolTaskExecutor  : Initializing ExecutorService 'applicationTaskExecutor'
2022-07-09 20:18:21.570  INFO 1960 --- [main] o.s.b.w.embedded.tomcat.TomcatWebServer  : Tomcat started on port(s): 8082 (http) with context path ''
2022-07-09 20:18:21.580  INFO 1960 --- [main] mao.user_service.UserServiceApplication  : Started UserServiceApplication in 1.58 seconds (JVM running for 2.027)
2022-07-09 20:18:36.158  INFO 1960 --- [http-nio-8082-exec-1] o.a.c.c.C.[Tomcat].[localhost].[/]       : Initializing Spring DispatcherServlet 'dispatcherServlet'
2022-07-09 20:18:36.158  INFO 1960 --- [http-nio-8082-exec-1] o.s.web.servlet.DispatcherServlet        : Initializing Servlet 'dispatcherServlet'
2022-07-09 20:18:36.161  INFO 1960 --- [http-nio-8082-exec-1] o.s.web.servlet.DispatcherServlet        : Completed initialization in 3 ms
2022-07-09 20:18:36.393 DEBUG 1960 --- [http-nio-8082-exec-1] m.u.mapper.UserMapper.findById           : ==>  Preparing: select * from tb_user where id = ?
2022-07-09 20:18:36.412 DEBUG 1960 --- [http-nio-8082-exec-1] m.u.mapper.UserMapper.findById           : ==> Parameters: 1(Long)
2022-07-09 20:18:36.432 DEBUG 1960 --- [http-nio-8082-exec-1] m.u.mapper.UserMapper.findById           : <==      Total: 1
2022-07-09 20:20:09.714  INFO 1960 --- [SpringContextShutdownHook] o.s.s.concurrent.ThreadPoolTaskExecutor  : Shutting down ExecutorService 'applicationTaskExecutor'
2022-07-09 20:20:09.715  INFO 1960 --- [SpringContextShutdownHook] com.alibaba.druid.pool.DruidDataSource   : {dataSource-1} closing ...
2022-07-09 20:20:09.720  INFO 1960 --- [SpringContextShutdownHook] com.alibaba.druid.pool.DruidDataSource   : {dataSource-1} closed
2022-07-09 20:20:20.956  INFO 2676 --- [main] mao.user_service.UserServiceApplication  : Starting UserServiceApplication on mao with PID 2676 (H:\程序\大三暑假\spring_cloud_demo实现微服务远程调用\user_service\target\classes started by mao in H:\程序\大三暑假\spring_cloud_demo实现微服务远程调用)
2022-07-09 20:20:20.959 DEBUG 2676 --- [main] mao.user_service.UserServiceApplication  : Running with Spring Boot v2.3.9.RELEASE, Spring v5.2.13.RELEASE
2022-07-09 20:20:20.959  INFO 2676 --- [main] mao.user_service.UserServiceApplication  : No active profile set, falling back to default profiles: default
2022-07-09 20:20:21.660  INFO 2676 --- [main] o.s.b.w.embedded.tomcat.TomcatWebServer  : Tomcat initialized with port(s): 8082 (http)
2022-07-09 20:20:21.667  INFO 2676 --- [main] o.apache.catalina.core.StandardService   : Starting service [Tomcat]
2022-07-09 20:20:21.667  INFO 2676 --- [main] org.apache.catalina.core.StandardEngine  : Starting Servlet engine: [Apache Tomcat/9.0.43]
2022-07-09 20:20:21.727  INFO 2676 --- [main] o.a.c.c.C.[Tomcat].[localhost].[/]       : Initializing Spring embedded WebApplicationContext
2022-07-09 20:20:21.727  INFO 2676 --- [main] w.s.c.ServletWebServerApplicationContext : Root WebApplicationContext: initialization completed in 727 ms
2022-07-09 20:20:21.815  INFO 2676 --- [main] c.a.d.s.b.a.DruidDataSourceAutoConfigure : Init DruidDataSource
2022-07-09 20:20:21.910  INFO 2676 --- [main] com.alibaba.druid.pool.DruidDataSource   : {dataSource-1} inited
2022-07-09 20:20:22.033  INFO 2676 --- [main] o.s.s.concurrent.ThreadPoolTaskExecutor  : Initializing ExecutorService 'applicationTaskExecutor'
2022-07-09 20:20:22.198  INFO 2676 --- [main] o.s.b.w.embedded.tomcat.TomcatWebServer  : Tomcat started on port(s): 8082 (http) with context path ''
2022-07-09 20:20:22.206  INFO 2676 --- [main] mao.user_service.UserServiceApplication  : Started UserServiceApplication in 1.52 seconds (JVM running for 1.97)
2022-07-09 20:21:47.303  INFO 2676 --- [http-nio-8082-exec-1] o.a.c.c.C.[Tomcat].[localhost].[/]       : Initializing Spring DispatcherServlet 'dispatcherServlet'
2022-07-09 20:21:47.303  INFO 2676 --- [http-nio-8082-exec-1] o.s.web.servlet.DispatcherServlet        : Initializing Servlet 'dispatcherServlet'
2022-07-09 20:21:47.306  INFO 2676 --- [http-nio-8082-exec-1] o.s.web.servlet.DispatcherServlet        : Completed initialization in 3 ms
2022-07-09 20:21:47.542 DEBUG 2676 --- [http-nio-8082-exec-1] m.u.mapper.UserMapper.findById           : ==>  Preparing: select * from tb_user where id = ?
2022-07-09 20:21:47.561 DEBUG 2676 --- [http-nio-8082-exec-1] m.u.mapper.UserMapper.findById           : ==> Parameters: 1(Long)
2022-07-09 20:21:47.584 DEBUG 2676 --- [http-nio-8082-exec-1] m.u.mapper.UserMapper.findById           : <==      Total: 1
2022-07-09 20:22:04.825 DEBUG 2676 --- [http-nio-8082-exec-2] m.u.mapper.UserMapper.findById           : ==>  Preparing: select * from tb_user where id = ?
2022-07-09 20:22:04.826 DEBUG 2676 --- [http-nio-8082-exec-2] m.u.mapper.UserMapper.findById           : ==> Parameters: 2(Long)
2022-07-09 20:22:04.827 DEBUG 2676 --- [http-nio-8082-exec-2] m.u.mapper.UserMapper.findById           : <==      Total: 1
2022-07-09 20:22:31.250 DEBUG 2676 --- [http-nio-8082-exec-3] m.u.mapper.UserMapper.findById           : ==>  Preparing: select * from tb_user where id = ?
2022-07-09 20:22:31.250 DEBUG 2676 --- [http-nio-8082-exec-3] m.u.mapper.UserMapper.findById           : ==> Parameters: 1(Long)
2022-07-09 20:22:31.251 DEBUG 2676 --- [http-nio-8082-exec-3] m.u.mapper.UserMapper.findById           : <==      Total: 1
2022-07-09 20:24:37.344  INFO 2676 --- [SpringContextShutdownHook] o.s.s.concurrent.ThreadPoolTaskExecutor  : Shutting down ExecutorService 'applicationTaskExecutor'
2022-07-09 20:24:37.345  INFO 2676 --- [SpringContextShutdownHook] com.alibaba.druid.pool.DruidDataSource   : {dataSource-1} closing ...
2022-07-09 20:24:37.349  INFO 2676 --- [SpringContextShutdownHook] com.alibaba.druid.pool.DruidDataSource   : {dataSource-1} closed
